<component name="libraryTable">
  <library name="Junit5">
    <CLASSES>
      <root url="jar://$PROJECT_DIR$/lib/activation-1.1.jar!/" />
      <root url="jar://$PROJECT_DIR$/lib/annotations-13.0.jar!/" />
      <root url="jar://$PROJECT_DIR$/lib/antlr-runtime-3.5.2.jar!/" />
      <root url="jar://$PROJECT_DIR$/lib/antlr4-4.7.2.jar!/" />
      <root url="jar://$PROJECT_DIR$/lib/antlr4-runtime-4.7.2.jar!/" />
      <root url="jar://$PROJECT_DIR$/lib/apiguardian-api-1.1.0.jar!/" />
      <root url="jar://$PROJECT_DIR$/lib/automaton-1.11-8.jar!/" />
      <root url="jar://$PROJECT_DIR$/lib/classgraph-4.8.25.jar!/" />
      <root url="jar://$PROJECT_DIR$/lib/colormath-1.2.0.jar!/" />
      <root url="jar://$PROJECT_DIR$/lib/commons-codec-1.10.jar!/" />
      <root url="jar://$PROJECT_DIR$/lib/commons-collections4-4.1.jar!/" />
      <root url="jar://$PROJECT_DIR$/lib/commons-io-2.5.jar!/" />
      <root url="jar://$PROJECT_DIR$/lib/commons-lang3-3.4.jar!/" />
      <root url="jar://$PROJECT_DIR$/lib/commons-logging-1.2.jar!/" />
      <root url="jar://$PROJECT_DIR$/lib/diffutils-1.3.0.jar!/" />
      <root url="jar://$PROJECT_DIR$/lib/evo-inflector-1.2.2.jar!/" />
      <root url="jar://$PROJECT_DIR$/lib/generex-1.0.2.jar!/" />
      <root url="jar://$PROJECT_DIR$/lib/groovy-3.0.1.jar!/" />
      <root url="jar://$PROJECT_DIR$/lib/gson-2.8.6.jar!/" />
      <root url="jar://$PROJECT_DIR$/lib/guava-18.0.jar!/" />
      <root url="jar://$PROJECT_DIR$/lib/httpclient-4.5.5.jar!/" />
      <root url="jar://$PROJECT_DIR$/lib/httpcore-4.4.9.jar!/" />
      <root url="jar://$PROJECT_DIR$/lib/icu4j-61.1.jar!/" />
      <root url="jar://$PROJECT_DIR$/lib/iterators-1.5.jar!/" />
      <root url="jar://$PROJECT_DIR$/lib/java-semver-0.9.0.jar!/" />
      <root url="jar://$PROJECT_DIR$/lib/javax.json-1.0.4.jar!/" />
      <root url="jar://$PROJECT_DIR$/lib/jsr305-3.0.2.jar!/" />
      <root url="jar://$PROJECT_DIR$/lib/junit-jupiter-api-5.5.2.jar!/" />
      <root url="jar://$PROJECT_DIR$/lib/junit-platform-commons-1.5.2.jar!/" />
      <root url="jar://$PROJECT_DIR$/lib/junit5-4.1.6.jar!/" />
      <root url="jar://$PROJECT_DIR$/lib/kotlin-logging-1.6.26.jar!/" />
      <root url="jar://$PROJECT_DIR$/lib/kotlin-reflect-1.3.72.jar!/" />
      <root url="jar://$PROJECT_DIR$/lib/kotlin-result-1.1.6.jar!/" />
      <root url="jar://$PROJECT_DIR$/lib/kotlin-stdlib-1.3.61.jar!/" />
      <root url="jar://$PROJECT_DIR$/lib/kotlin-stdlib-jdk7-1.3.72.jar!/" />
      <root url="jar://$PROJECT_DIR$/lib/kotlin-stdlib-jdk8-1.3.72.jar!/" />
      <root url="jar://$PROJECT_DIR$/lib/mail-1.5.0-b01.jar!/" />
      <root url="jar://$PROJECT_DIR$/lib/matchers-4.1.6.jar!/" />
      <root url="jar://$PROJECT_DIR$/lib/model-4.1.6.jar!/" />
      <root url="jar://$PROJECT_DIR$/lib/mordant-1.2.1.jar!/" />
      <root url="jar://$PROJECT_DIR$/lib/opentest4j-1.2.0.jar!/" />
      <root url="jar://$PROJECT_DIR$/lib/optional-0.3.jar!/" />
      <root url="jar://$PROJECT_DIR$/lib/org.abego.treelayout.core-1.0.3.jar!/" />
      <root url="jar://$PROJECT_DIR$/lib/pactbroker-4.1.6.jar!/" />
      <root url="jar://$PROJECT_DIR$/lib/provider-4.1.6.jar!/" />
      <root url="jar://$PROJECT_DIR$/lib/rfc3986-uri-0.8.jar!/" />
      <root url="jar://$PROJECT_DIR$/lib/scala-library-2.13.2.jar!/" />
      <root url="jar://$PROJECT_DIR$/lib/slf4j-api-1.7.28.jar!/" />
      <root url="jar://$PROJECT_DIR$/lib/ST4-4.1.jar!/" />
      <root url="jar://$PROJECT_DIR$/lib/support-4.1.6.jar!/" />
      <root url="jar://$PROJECT_DIR$/lib/tika-core-1.24.1.jar!/" />
      <root url="jar://$PROJECT_DIR$/lib/xercesImpl-2.12.0.jar!/" />
      <root url="jar://$PROJECT_DIR$/lib/xml-apis-1.4.01.jar!/" />
    </CLASSES>
    <JAVADOC />
    <SOURCES />
  </library>
</component>